\BOOKMARK [1][-]{section*.1}{\376\377\000I\000n\000t\000r\000o\000d\000u\000c\000t\000i\000o\000n}{}% 1
\BOOKMARK [1][-]{section.1}{\376\377\000T\000H\000E\000O\000R\000E\000T\000I\000C\000A\000L\000\040\000O\000V\000E\000R\000V\000I\000E\000W}{}% 2
\BOOKMARK [2][-]{subsection.1.1}{\376\377\000A\000r\000t\000i\000f\000i\000c\000i\000a\000l\000\040\000I\000n\000t\000e\000l\000l\000i\000g\000a\000n\000c\000e\000\040\000i\000n\000\040\000F\000i\000n\000a\000n\000c\000e}{section.1}% 3
\BOOKMARK [3][-]{subsubsection.1.1.1}{\376\377\000P\000r\000i\000c\000e\000\040\000P\000r\000e\000d\000i\000c\000t\000i\000o\000n}{subsection.1.1}% 4
\BOOKMARK [3][-]{subsubsection.1.1.2}{\376\377\000S\000e\000n\000t\000i\000m\000e\000n\000t\000\040\000A\000n\000a\000l\000y\000s\000i\000s}{subsection.1.1}% 5
\BOOKMARK [3][-]{subsubsection.1.1.3}{\376\377\000A\000s\000p\000e\000c\000t\000\040\000A\000n\000a\000l\000y\000s\000i\000s}{subsection.1.1}% 6
\BOOKMARK [2][-]{subsection.1.2}{\376\377\000M\000a\000c\000h\000i\000n\000e\000\040\000L\000e\000a\000r\000n\000i\000n\000g\000\040\000A\000l\000g\000o\000r\000i\000t\000h\000m\000s}{section.1}% 7
\BOOKMARK [3][-]{subsubsection.1.2.1}{\376\377\000D\000i\000m\000e\000n\000s\000i\000o\000n\000a\000l\000i\000t\000y\000\040\000R\000e\000d\000u\000c\000t\000i\000o\000n}{subsection.1.2}% 8
\BOOKMARK [3][-]{subsubsection.1.2.2}{\376\377\000C\000l\000u\000s\000t\000r\000e\000r\000i\000n\000g}{subsection.1.2}% 9
\BOOKMARK [3][-]{subsubsection.1.2.3}{\376\377\000E\000v\000a\000l\000u\000a\000t\000i\000o\000n}{subsection.1.2}% 10
\BOOKMARK [2][-]{subsection.1.3}{\376\377\000D\000e\000e\000p\000\040\000N\000e\000u\000r\000a\000l\000\040\000N\000e\000t\000w\000o\000r\000k\000s}{section.1}% 11
\BOOKMARK [3][-]{subsubsection.1.3.1}{\376\377\000M\000o\000d\000e\000l\000s}{subsection.1.3}% 12
\BOOKMARK [3][-]{subsubsection.1.3.2}{\376\377\000T\000e\000c\000h\000n\000i\000q\000u\000e\000s}{subsection.1.3}% 13
\BOOKMARK [3][-]{subsubsection.1.3.3}{\376\377\000B\000e\000n\000c\000h\000m\000a\000r\000k\000s}{subsection.1.3}% 14
\BOOKMARK [1][-]{section.2}{\376\377\000P\000R\000A\000C\000T\000I\000C\000A\000L\000\040\000S\000O\000L\000U\000T\000I\000O\000N}{}% 15
\BOOKMARK [2][-]{subsection.2.1}{\376\377\000L\000i\000m\000i\000t\000a\000i\000o\000n\000s}{section.2}% 16
\BOOKMARK [2][-]{subsection.2.2}{\376\377\000D\000a\000t\000a\000\040\000G\000o\000v\000e\000r\000n\000a\000n\000c\000e}{section.2}% 17
\BOOKMARK [3][-]{subsubsection.2.2.1}{\376\377\000D\000a\000t\000a\000\040\000R\000e\000q\000u\000i\000r\000e\000m\000e\000n\000t\000s}{subsection.2.2}% 18
\BOOKMARK [3][-]{subsubsection.2.2.2}{\376\377\000D\000a\000t\000a\000\040\000C\000o\000l\000l\000e\000c\000t\000i\000n\000g}{subsection.2.2}% 19
\BOOKMARK [3][-]{subsubsection.2.2.3}{\376\377\000D\000a\000t\000a\000\040\000A\000n\000a\000l\000y\000s\000i\000s}{subsection.2.2}% 20
\BOOKMARK [3][-]{subsubsection.2.2.4}{\376\377\000D\000a\000t\000a\000\040\000P\000r\000e\000p\000r\000o\000c\000e\000s\000s\000i\000n\000g}{subsection.2.2}% 21
\BOOKMARK [2][-]{subsection.2.3}{\376\377\000M\000o\000d\000e\000l\000\040\000D\000e\000v\000e\000l\000o\000p\000m\000e\000n\000t}{section.2}% 22
\BOOKMARK [3][-]{subsubsection.2.3.1}{\376\377\000F\000e\000a\000t\000u\000r\000e\000\040\000E\000x\000t\000r\000a\000c\000t\000i\000o\000n}{subsection.2.3}% 23
\BOOKMARK [3][-]{subsubsection.2.3.2}{\376\377\000U\000M\000A\000P\000\040\000a\000n\000d\000\040\000H\000D\000B\000S\000C\000A\000N}{subsection.2.3}% 24
\BOOKMARK [3][-]{subsubsection.2.3.3}{\376\377\000H\000y\000p\000e\000r\000p\000a\000r\000a\000m\000e\000t\000e\000r\000s\000\040\000O\000p\000t\000i\000m\000i\000z\000a\000t\000i\000o\000n}{subsection.2.3}% 25
\BOOKMARK [2][-]{subsection.2.4}{\376\377\000S\000y\000s\000t\000e\000m\000\040\000D\000e\000v\000e\000l\000o\000p\000m\000e\000n\000t}{section.2}% 26
\BOOKMARK [1][-]{section.3}{\376\377\000R\000E\000S\000U\000L\000T\000S}{}% 27
\BOOKMARK [2][-]{subsection.3.1}{\376\377\000I\000n\000v\000e\000n\000t\000e\000d\000\040\000A\000r\000c\000h\000i\000t\000e\000c\000t\000u\000r\000e}{section.3}% 28
\BOOKMARK [3][-]{subsubsection.3.1.1}{\376\377\000O\000v\000e\000r\000v\000i\000e\000w}{subsection.3.1}% 29
\BOOKMARK [3][-]{subsubsection.3.1.2}{\376\377\000E\000m\000b\000e\000d\000d\000i\000n\000g\000\040\000S\000y\000s\000t\000e\000m}{subsection.3.1}% 30
\BOOKMARK [3][-]{subsubsection.3.1.3}{\376\377\000M\000i\000x\000t\000u\000r\000e\000-\000o\000f\000-\000T\000o\000p\000i\000c\000a\000l\000-\000E\000x\000p\000e\000r\000t\000s}{subsection.3.1}% 31
\BOOKMARK [3][-]{subsubsection.3.1.4}{\376\377\000F\000e\000a\000t\000u\000r\000e\000\040\000C\000a\000c\000h\000i\000n\000g\000\040\000M\000e\000c\000h\000a\000n\000i\000s\000m}{subsection.3.1}% 32
\BOOKMARK [3][-]{subsubsection.3.1.5}{\376\377\000P\000r\000e\000d\000i\000c\000t\000i\000v\000e\000\040\000M\000o\000d\000e\000l}{subsection.3.1}% 33
\BOOKMARK [3][-]{subsubsection.3.1.6}{\376\377\000A\000n\000a\000l\000y\000t\000i\000c\000a\000l\000\040\000G\000r\000a\000p\000h\000i\000c\000a\000l\000\040\000U\000s\000e\000r\000\040\000I\000n\000t\000e\000r\000f\000a\000c\000e}{subsection.3.1}% 34
\BOOKMARK [2][-]{subsection.3.2}{\376\377\000F\000i\000n\000i\000s\000h\000e\000d\000\040\000S\000y\000s\000t\000e\000m\000\040\000C\000o\000m\000p\000o\000n\000e\000n\000t\000s}{section.3}% 35
\BOOKMARK [3][-]{subsubsection.3.2.1}{\376\377\000E\000m\000b\000e\000d\000d\000i\000n\000g\000\040\000S\000y\000s\000t\000e\000m\000\040\000a\000n\000d\000\040\000R\000o\000u\000t\000e\000r}{subsection.3.2}% 36
\BOOKMARK [3][-]{subsubsection.3.2.2}{\376\377\000S\000e\000m\000a\000n\000t\000i\000c\000\040\000M\000a\000p}{subsection.3.2}% 37
\BOOKMARK [3][-]{subsubsection.3.2.3}{\376\377\000D\000y\000n\000a\000m\000i\000c\000\040\000T\000o\000p\000i\000c\000\040\000M\000o\000d\000e\000l\000i\000n\000g}{subsection.3.2}% 38
\BOOKMARK [3][-]{subsubsection.3.2.4}{\376\377\000P\000r\000a\000c\000t\000i\000c\000a\000l\000\040\000I\000m\000p\000o\000r\000t\000a\000n\000c\000e}{subsection.3.2}% 39
\BOOKMARK [2][-]{subsection.3.3}{\376\377\000S\000e\000m\000a\000n\000t\000i\000c\000\040\000D\000e\000-\000d\000u\000p\000l\000i\000c\000a\000t\000i\000o\000n\000\040\000S\000o\000l\000u\000t\000i\000o\000n}{section.3}% 40
\BOOKMARK [3][-]{subsubsection.3.3.1}{\376\377\000M\000a\000t\000h\000e\000m\000a\000t\000i\000c\000a\000l\000\040\000F\000o\000r\000m\000u\000l\000a\000i\000o\000n}{subsection.3.3}% 41
\BOOKMARK [3][-]{subsubsection.3.3.2}{\376\377\000P\000r\000o\000s\000\040\000a\000n\000d\000\040\000C\000o\000n\000s}{subsection.3.3}% 42
\BOOKMARK [1][-]{section*.18}{\376\377\000C\000o\000n\000c\000l\000u\000s\000i\000o\000n}{}% 43
